#
# A fatal error has been detected by the Java Runtime Environment:
#
#  SIGSEGV (0xb) at pc=0x0000000104830570, pid=43238, tid=775
#
# JRE version: Java(TM) SE Runtime Environment (11.0.5+10) (build 11.0.5+10-LTS)
# Java VM: Java HotSpot(TM) 64-Bit Server VM (11.0.5+10-LTS, mixed mode, tiered, compressed oops, g1 gc, bsd-amd64)
# Problematic frame:
# C  [rsession+0x833570]  rstudio_boost::signals::detail::named_slot_map::begin()+0x30
#
# No core dump will be written. Core dumps have been disabled. To enable core dumping, try "ulimit -c unlimited" before starting Java again
#
# If you would like to submit a bug report, please visit:
#   http://bugreport.java.com/bugreport/crash.jsp
# The crash happened outside the Java Virtual Machine in native code.
# See problematic frame for where to report the bug.
#

---------------  S U M M A R Y ------------

Command Line: -Djava.awt.headless=true -Xmx512m -Xrs vfprintf exit 

Host: MacBookPro11,1 x86_64 2600 MHz, 4 cores, 8G, Darwin 19.2.0
Time: Tue Mar 24 13:56:14 2020 GMT elapsed time: 32970 seconds (0d 9h 9m 30s)

---------------  T H R E A D  ---------------

Current thread (0x00007f8adfc87800):  JavaThread "main" [_thread_in_native, id=775, stack(0x00007ffeeb403000,0x00007ffeebc03000)]

Stack: [0x00007ffeeb403000,0x00007ffeebc03000],  sp=0x00007ffeebc005d0,  free space=8181k
Native frames: (J=compiled Java code, A=aot compiled Java code, j=interpreted, Vv=VM code, C=native code)
C  [rsession+0x833570]  rstudio_boost::signals::detail::named_slot_map::begin()+0x30
C  [rsession+0x105723]  rstudio_boost::signal1<void, bool, rstudio_boost::last_value<void>, int, std::__1::less<int>, rstudio_boost::function<void (bool)> >::operator()(bool)+0x53
C  [rsession+0x10d0c2]  rstudio::session::module_context::onBackgroundProcessing(bool)+0x42
C  [rsession+0xe1e9c]  rstudio::session::http_methods::waitForMethod(std::__1::basic_string<char, std::__1::char_traits<char>, std::__1::allocator<char> > const&, rstudio_boost::function<void ()> const&, rstudio_boost::function<bool ()> const&, rstudio::core::json::JsonRpcRequest*)+0x59c
C  [rsession+0x39148]  rstudio::session::console_input::rConsoleRead(std::__1::basic_string<char, std::__1::char_traits<char>, std::__1::allocator<char> > const&, bool, rstudio::r::session::RConsoleInput*)+0x5c8
C  [rsession+0x7b4c14]  rstudio::r::session::RReadConsole(char const*, unsigned char*, int, int)+0x524
C  [libR.dylib+0x104e36]  Rf_ReplIteration+0x56
C  [libR.dylib+0x10661f]  run_Rmainloop+0xcf
C  [rsession+0x7d1ac0]  rstudio::r::session::runEmbeddedR(rstudio::core::FilePath const&, rstudio::core::FilePath const&, bool, bool, SA_TYPE, rstudio::r::session::Callbacks const&, rstudio::r::session::InternalCallbacks*)+0x1a0
C  [rsession+0x7b295c]  rstudio::r::session::run(rstudio::r::session::ROptions const&, rstudio::r::session::RCallbacks const&)+0xbac
C  [rsession+0xf54a7]  main+0x52b7
C  [libdyld.dylib+0x1a7fd]  start+0x1


siginfo: si_signo: 11 (SIGSEGV), si_code: 0 (unknown), si_addr: 0x0000000000000000

Register to memory mapping:

RAX=0xa00007f8aa976c01 is an unknown value
RBX=0x0000000000000001 is an unknown value
RCX=0x00007f8ad9561fc0 points into unknown readable memory: 60 68 9e 04 01 00 00 00
RDX=0x0 is NULL
RSP=0x00007ffeebc005d0 is pointing into the stack for thread: 0x00007f8adfc87800
RBP=0x00007ffeebc005d0 is pointing into the stack for thread: 0x00007f8adfc87800
RSI=0x00007f8ad9561ed0 points into unknown readable memory: c6 00 56 d9 8a 7f 00 00
RDI=0x00007ffeebc00638 is pointing into the stack for thread: 0x00007f8adfc87800
R8 =0x000000000021e43c is an unknown value
R9 =0xffffffff00000000 is an unknown value
R10=0x00007f8ad9432fb8 points into unknown readable memory: 00 00 00 00 00 00 00 00
R11=0x00007f8ad94097ec points into unknown readable memory: 01 93 54 08
R12=0x8000000000000002 is an unknown value
R13=0x00007ffeebc00840 is pointing into the stack for thread: 0x00007f8adfc87800
R14=0x00000001049ebff0: _ZZN7rstudio7session14module_context6eventsEvE8instance+0x248 in /Applications/RStudio.app/Contents/MacOS/rsession at 0x0000000103ffd000
R15=0x7ffffffffffffffe is an unknown value


Registers:
RAX=0xa00007f8aa976c01, RBX=0x0000000000000001, RCX=0x00007f8ad9561fc0, RDX=0x0000000000000000
RSP=0x00007ffeebc005d0, RBP=0x00007ffeebc005d0, RSI=0x00007f8ad9561ed0, RDI=0x00007ffeebc00638
R8 =0x000000000021e43c, R9 =0xffffffff00000000, R10=0x00007f8ad9432fb8, R11=0x00007f8ad94097ec
R12=0x8000000000000002, R13=0x00007ffeebc00840, R14=0x00000001049ebff0, R15=0x7ffffffffffffffe
RIP=0x0000000104830570, EFLAGS=0x0000000000010282, ERR=0x0000000000000000
  TRAPNO=0x000000000000000d

Top of Stack: (sp=0x00007ffeebc005d0)
0x00007ffeebc005d0:   00007ffeebc00760 0000000104102723
0x00007ffeebc005e0:   000000000000003c 00007ffeebc00710
0x00007ffeebc005f0:   00007f8ad9409790 00007ffeebc00710
0x00007ffeebc00600:   000000000000003c 00007ffeebc00710
0x00007ffeebc00610:   00007ffeebc00630 00000001040160a8
0x00007ffeebc00620:   0000000000000000 00007f8ad9409790
0x00007ffeebc00630:   00007ffeebc00650 a00007f8aa976c01
0x00007ffeebc00640:   00007f8ad9561ed0 0000000000000000
0x00007ffeebc00650:   00007ffeebc00600 00000001049f1220
0x00007ffeebc00660:   00007f8ad9432fa0 00007ffeebc00700
0x00007ffeebc00670:   00007ffeebc006f0 00000001046f7518
0x00007ffeebc00680:   00000000000c438d 000000005e7a117e
0x00007ffeebc00690:   0000000000258535 00007ffeebc007b8
0x00007ffeebc006a0:   8000000000000002 00007ffeebc00840
0x00007ffeebc006b0:   00007f8ad9409a88 00007ffeebc007b8
0x00007ffeebc006c0:   00007ffeebc00740 0000000104194e10
0x00007ffeebc006d0:   00000001049f1220 00000001049e0960
0x00007ffeebc006e0:   00007ffeebc00700 00007ffeebc00708
0x00007ffeebc006f0:   00007ffeebc00760 00000001046f7245
0x00007ffeebc00700:   0000000000000000 0000000104779c8d
0x00007ffeebc00710:   00007f8ad9409750 00007f8ad9561ec0
0x00007ffeebc00720:   00007f8ad9561fc0 00007f8ad9409a01
0x00007ffeebc00730:   00007ffeebc00800 0000000000000001
0x00007ffeebc00740:   8000000000000002 00007ffeebc00840
0x00007ffeebc00750:   00007ffeebc00800 7ffffffffffffffe
0x00007ffeebc00760:   00007ffeebc00780 000000010410a0c2
0x00007ffeebc00770:   00007ffeebc00878 00007ffeebc00828
0x00007ffeebc00780:   00007ffeebc008b0 00000001040dee9c
0x00007ffeebc00790:   00007ffeebc007e0 0000000104038cca
0x00007ffeebc007a0:   00007ffeebc00990 00007f8ae8d1c600
0x00007ffeebc007b0:   00007f8ad9485b40 000000000000c350
0x00007ffeebc007c0:   00000001049cf971 00007ffeebc00990 

Instructions: (pc=0x0000000104830570)
0x0000000104830550:   77 08 48 c7 47 10 00 00 00 00 c6 47 18 00 48 39
0x0000000104830560:   f0 74 58 66 2e 0f 1f 84 00 00 00 00 00 0f 1f 00
0x0000000104830570:   48 83 78 48 00 75 49 48 8b 50 08 48 85 d2 74 10
0x0000000104830580:   48 89 d1 48 8b 12 48 85 d2 75 f5 eb 23 0f 1f 00 

Stack slot to memory mapping:
stack at sp + 0 slots: 0x00007ffeebc00760 is pointing into the stack for thread: 0x00007f8adfc87800
stack at sp + 1 slots: 0x0000000104102723: _ZN13rstudio_boost7signal1IvbNS_10last_valueIvEEiNSt3__14lessIiEENS_8functionIFvbEEEEclEb+0x53 in /Applications/RStudio.app/Contents/MacOS/rsession at 0x0000000103ffd000
stack at sp + 2 slots: 0x000000000000003c is an unknown value
stack at sp + 3 slots: 0x00007ffeebc00710 is pointing into the stack for thread: 0x00007f8adfc87800
stack at sp + 4 slots: 0x00007f8ad9409790 points into unknown readable memory: 5a 54 55 4d 00 00 00 00
stack at sp + 5 slots: 0x00007ffeebc00710 is pointing into the stack for thread: 0x00007f8adfc87800
stack at sp + 6 slots: 0x000000000000003c is an unknown value
stack at sp + 7 slots: 0x00007ffeebc00710 is pointing into the stack for thread: 0x00007f8adfc87800


---------------  P R O C E S S  ---------------

Threads class SMR info:
_java_thread_list=0x00007f89fed7fa20, length=8, elements={
0x00007f8adfc87800, 0x00007f8ae65df000, 0x00007f8ae6581000, 0x00007f8ae5f00800,
0x00007f8ae5e49000, 0x00007f8ae461e000, 0x00007f8ae5d6d800, 0x00007f8ae45cd800
}

Java Threads: ( => current thread )
=>0x00007f8adfc87800 JavaThread "main" [_thread_in_native, id=775, stack(0x00007ffeeb403000,0x00007ffeebc03000)]
  0x00007f8ae65df000 JavaThread "Reference Handler" daemon [_thread_blocked, id=66307, stack(0x000070000d2be000,0x000070000d3be000)]
  0x00007f8ae6581000 JavaThread "Finalizer" daemon [_thread_blocked, id=64259, stack(0x000070000d3c1000,0x000070000d4c1000)]
  0x00007f8ae5f00800 JavaThread "C2 CompilerThread0" daemon [_thread_blocked, id=88835, stack(0x000070000d64a000,0x000070000d74a000)]
  0x00007f8ae5e49000 JavaThread "C1 CompilerThread0" daemon [_thread_blocked, id=89091, stack(0x000070000d74d000,0x000070000d84d000)]
  0x00007f8ae461e000 JavaThread "Sweeper thread" daemon [_thread_blocked, id=129283, stack(0x000070000d850000,0x000070000d950000)]
  0x00007f8ae5d6d800 JavaThread "Service Thread" daemon [_thread_blocked, id=128771, stack(0x000070000d953000,0x000070000da53000)]
  0x00007f8ae45cd800 JavaThread "Common-Cleaner" daemon [_thread_blocked, id=128259, stack(0x000070000db59000,0x000070000dc59000)]

Other Threads:
  0x00007f8ae6515800 VMThread "VM Thread" [stack: 0x000070000d1bb000,0x000070000d2bb000] [id=63747]
  0x00007f8ae50e6000 WatcherThread [stack: 0x000070000da56000,0x000070000db56000] [id=89603]
  0x00007f8aca2a2000 GCTaskThread "GC Thread#0" [stack: 0x000070000ccac000,0x000070000cdac000] [id=68867]
  0x00007f8ae2cbc800 GCTaskThread "GC Thread#1" [stack: 0x000070000dd5f000,0x000070000de5f000] [id=128003]
  0x00007f8ae2cbd800 GCTaskThread "GC Thread#2" [stack: 0x000070000de62000,0x000070000df62000] [id=91395]
  0x00007f8ae2999000 ConcurrentGCThread "G1 Main Marker" [stack: 0x000070000cdaf000,0x000070000ceaf000] [id=62979]
  0x00007f8ae2dc8000 ConcurrentGCThread "G1 Conc#0" [stack: 0x000070000ceb2000,0x000070000cfb2000] [id=63491]
  0x00007f8ae631e800 ConcurrentGCThread "G1 Refine#0" [stack: 0x000070000cfb5000,0x000070000d0b5000] [id=67843]
  0x00007f8ae7b65800 ConcurrentGCThread "G1 Young RemSet Sampling" [stack: 0x000070000d0b8000,0x000070000d1b8000] [id=67331]

Threads with active compile tasks:

VM state:not at safepoint (normal execution)

VM Mutex/Monitor currently owned by a thread: None

Heap address: 0x00000007e0000000, size: 512 MB, Compressed Oops mode: Zero based, Oop shift amount: 3
Narrow klass base: 0x0000000800000000, Narrow klass shift: 0
Compressed class space size: 1073741824 Address: 0x0000000800000000

Heap:
 garbage-first heap   total 131072K, used 10068K [0x00000007e0000000, 0x0000000800000000)
  region size 1024K, 9 young (9216K), 2 survivors (2048K)
 Metaspace       used 11033K, capacity 11174K, committed 11520K, reserved 1058816K
  class space    used 1164K, capacity 1194K, committed 1280K, reserved 1048576K
Heap Regions: E=young(eden), S=young(survivor), O=old, HS=humongous(starts), HC=humongous(continues), CS=collection set, F=free, A=archive, TAMS=top-at-mark-start (previous, next)
|   0|0x00000007e0000000, 0x00000007e0100000, 0x00000007e0100000|100%|HS|  |TAMS 0x00000007e0000000, 0x00000007e0000000| Complete 
|   1|0x00000007e0100000, 0x00000007e01d5000, 0x00000007e0200000| 83%| O|  |TAMS 0x00000007e0100000, 0x00000007e0100000| Untracked 
|   2|0x00000007e0200000, 0x00000007e0200000, 0x00000007e0300000|  0%| F|  |TAMS 0x00000007e0200000, 0x00000007e0200000| Untracked 
|   3|0x00000007e0300000, 0x00000007e0300000, 0x00000007e0400000|  0%| F|  |TAMS 0x00000007e0300000, 0x00000007e0300000| Untracked 
|   4|0x00000007e0400000, 0x00000007e0400000, 0x00000007e0500000|  0%| F|  |TAMS 0x00000007e0400000, 0x00000007e0400000| Untracked 
|   5|0x00000007e0500000, 0x00000007e0500000, 0x00000007e0600000|  0%| F|  |TAMS 0x00000007e0500000, 0x00000007e0500000| Untracked 
|   6|0x00000007e0600000, 0x00000007e0600000, 0x00000007e0700000|  0%| F|  |TAMS 0x00000007e0600000, 0x00000007e0600000| Untracked 
|   7|0x00000007e0700000, 0x00000007e0700000, 0x00000007e0800000|  0%| F|  |TAMS 0x00000007e0700000, 0x00000007e0700000| Untracked 
|   8|0x00000007e0800000, 0x00000007e0800000, 0x00000007e0900000|  0%| F|  |TAMS 0x00000007e0800000, 0x00000007e0800000| Untracked 
|   9|0x00000007e0900000, 0x00000007e0900000, 0x00000007e0a00000|  0%| F|  |TAMS 0x00000007e0900000, 0x00000007e0900000| Untracked 
|  10|0x00000007e0a00000, 0x00000007e0a00000, 0x00000007e0b00000|  0%| F|  |TAMS 0x00000007e0a00000, 0x00000007e0a00000| Untracked 
|  11|0x00000007e0b00000, 0x00000007e0b00000, 0x00000007e0c00000|  0%| F|  |TAMS 0x00000007e0b00000, 0x00000007e0b00000| Untracked 
|  12|0x00000007e0c00000, 0x00000007e0c00000, 0x00000007e0d00000|  0%| F|  |TAMS 0x00000007e0c00000, 0x00000007e0c00000| Untracked 
|  13|0x00000007e0d00000, 0x00000007e0d00000, 0x00000007e0e00000|  0%| F|  |TAMS 0x00000007e0d00000, 0x00000007e0d00000| Untracked 
|  14|0x00000007e0e00000, 0x00000007e0e00000, 0x00000007e0f00000|  0%| F|  |TAMS 0x00000007e0e00000, 0x00000007e0e00000| Untracked 
|  15|0x00000007e0f00000, 0x00000007e0f00000, 0x00000007e1000000|  0%| F|  |TAMS 0x00000007e0f00000, 0x00000007e0f00000| Untracked 
|  16|0x00000007e1000000, 0x00000007e1000000, 0x00000007e1100000|  0%| F|  |TAMS 0x00000007e1000000, 0x00000007e1000000| Untracked 
|  17|0x00000007e1100000, 0x00000007e1100000, 0x00000007e1200000|  0%| F|  |TAMS 0x00000007e1100000, 0x00000007e1100000| Untracked 
|  18|0x00000007e1200000, 0x00000007e1200000, 0x00000007e1300000|  0%| F|  |TAMS 0x00000007e1200000, 0x00000007e1200000| Untracked 
|  19|0x00000007e1300000, 0x00000007e1300000, 0x00000007e1400000|  0%| F|  |TAMS 0x00000007e1300000, 0x00000007e1300000| Untracked 
|  20|0x00000007e1400000, 0x00000007e1400000, 0x00000007e1500000|  0%| F|  |TAMS 0x00000007e1400000, 0x00000007e1400000| Untracked 
|  21|0x00000007e1500000, 0x00000007e1500000, 0x00000007e1600000|  0%| F|  |TAMS 0x00000007e1500000, 0x00000007e1500000| Untracked 
|  22|0x00000007e1600000, 0x00000007e1600000, 0x00000007e1700000|  0%| F|  |TAMS 0x00000007e1600000, 0x00000007e1600000| Untracked 
|  23|0x00000007e1700000, 0x00000007e1700000, 0x00000007e1800000|  0%| F|  |TAMS 0x00000007e1700000, 0x00000007e1700000| Untracked 
|  24|0x00000007e1800000, 0x00000007e1800000, 0x00000007e1900000|  0%| F|  |TAMS 0x00000007e1800000, 0x00000007e1800000| Untracked 
|  25|0x00000007e1900000, 0x00000007e1900000, 0x00000007e1a00000|  0%| F|  |TAMS 0x00000007e1900000, 0x00000007e1900000| Untracked 
|  26|0x00000007e1a00000, 0x00000007e1a00000, 0x00000007e1b00000|  0%| F|  |TAMS 0x00000007e1a00000, 0x00000007e1a00000| Untracked 
|  27|0x00000007e1b00000, 0x00000007e1b00000, 0x00000007e1c00000|  0%| F|  |TAMS 0x00000007e1b00000, 0x00000007e1b00000| Untracked 
|  28|0x00000007e1c00000, 0x00000007e1c00000, 0x00000007e1d00000|  0%| F|  |TAMS 0x00000007e1c00000, 0x00000007e1c00000| Untracked 
|  29|0x00000007e1d00000, 0x00000007e1d00000, 0x00000007e1e00000|  0%| F|  |TAMS 0x00000007e1d00000, 0x00000007e1d00000| Untracked 
|  30|0x00000007e1e00000, 0x00000007e1e00000, 0x00000007e1f00000|  0%| F|  |TAMS 0x00000007e1e00000, 0x00000007e1e00000| Untracked 
|  31|0x00000007e1f00000, 0x00000007e1f00000, 0x00000007e2000000|  0%| F|  |TAMS 0x00000007e1f00000, 0x00000007e1f00000| Untracked 
|  32|0x00000007e2000000, 0x00000007e2000000, 0x00000007e2100000|  0%| F|  |TAMS 0x00000007e2000000, 0x00000007e2000000| Untracked 
|  33|0x00000007e2100000, 0x00000007e2100000, 0x00000007e2200000|  0%| F|  |TAMS 0x00000007e2100000, 0x00000007e2100000| Untracked 
|  34|0x00000007e2200000, 0x00000007e2200000, 0x00000007e2300000|  0%| F|  |TAMS 0x00000007e2200000, 0x00000007e2200000| Untracked 
|  35|0x00000007e2300000, 0x00000007e2300000, 0x00000007e2400000|  0%| F|  |TAMS 0x00000007e2300000, 0x00000007e2300000| Untracked 
|  36|0x00000007e2400000, 0x00000007e2400000, 0x00000007e2500000|  0%| F|  |TAMS 0x00000007e2400000, 0x00000007e2400000| Untracked 
|  37|0x00000007e2500000, 0x00000007e2500000, 0x00000007e2600000|  0%| F|  |TAMS 0x00000007e2500000, 0x00000007e2500000| Untracked 
|  38|0x00000007e2600000, 0x00000007e2600000, 0x00000007e2700000|  0%| F|  |TAMS 0x00000007e2600000, 0x00000007e2600000| Untracked 
|  39|0x00000007e2700000, 0x00000007e2700000, 0x00000007e2800000|  0%| F|  |TAMS 0x00000007e2700000, 0x00000007e2700000| Untracked 
|  40|0x00000007e2800000, 0x00000007e2800000, 0x00000007e2900000|  0%| F|  |TAMS 0x00000007e2800000, 0x00000007e2800000| Untracked 
|  41|0x00000007e2900000, 0x00000007e2900000, 0x00000007e2a00000|  0%| F|  |TAMS 0x00000007e2900000, 0x00000007e2900000| Untracked 
|  42|0x00000007e2a00000, 0x00000007e2a00000, 0x00000007e2b00000|  0%| F|  |TAMS 0x00000007e2a00000, 0x00000007e2a00000| Untracked 
|  43|0x00000007e2b00000, 0x00000007e2b00000, 0x00000007e2c00000|  0%| F|  |TAMS 0x00000007e2b00000, 0x00000007e2b00000| Untracked 
|  44|0x00000007e2c00000, 0x00000007e2c00000, 0x00000007e2d00000|  0%| F|  |TAMS 0x00000007e2c00000, 0x00000007e2c00000| Untracked 
|  45|0x00000007e2d00000, 0x00000007e2d00000, 0x00000007e2e00000|  0%| F|  |TAMS 0x00000007e2d00000, 0x00000007e2d00000| Untracked 
|  46|0x00000007e2e00000, 0x00000007e2e00000, 0x00000007e2f00000|  0%| F|  |TAMS 0x00000007e2e00000, 0x00000007e2e00000| Untracked 
|  47|0x00000007e2f00000, 0x00000007e2f00000, 0x00000007e3000000|  0%| F|  |TAMS 0x00000007e2f00000, 0x00000007e2f00000| Untracked 
|  48|0x00000007e3000000, 0x00000007e3000000, 0x00000007e3100000|  0%| F|  |TAMS 0x00000007e3000000, 0x00000007e3000000| Untracked 
|  49|0x00000007e3100000, 0x00000007e3100000, 0x00000007e3200000|  0%| F|  |TAMS 0x00000007e3100000, 0x00000007e3100000| Untracked 
|  50|0x00000007e3200000, 0x00000007e3200000, 0x00000007e3300000|  0%| F|  |TAMS 0x00000007e3200000, 0x00000007e3200000| Untracked 
|  51|0x00000007e3300000, 0x00000007e3300000, 0x00000007e3400000|  0%| F|  |TAMS 0x00000007e3300000, 0x00000007e3300000| Untracked 
|  52|0x00000007e3400000, 0x00000007e3400000, 0x00000007e3500000|  0%| F|  |TAMS 0x00000007e3400000, 0x00000007e3400000| Untracked 
|  53|0x00000007e3500000, 0x00000007e3500000, 0x00000007e3600000|  0%| F|  |TAMS 0x00000007e3500000, 0x00000007e3500000| Untracked 
|  54|0x00000007e3600000, 0x00000007e3600000, 0x00000007e3700000|  0%| F|  |TAMS 0x00000007e3600000, 0x00000007e3600000| Untracked 
|  55|0x00000007e3700000, 0x00000007e3700000, 0x00000007e3800000|  0%| F|  |TAMS 0x00000007e3700000, 0x00000007e3700000| Untracked 
|  56|0x00000007e3800000, 0x00000007e3800000, 0x00000007e3900000|  0%| F|  |TAMS 0x00000007e3800000, 0x00000007e3800000| Untracked 
|  57|0x00000007e3900000, 0x00000007e3900000, 0x00000007e3a00000|  0%| F|  |TAMS 0x00000007e3900000, 0x00000007e3900000| Untracked 
|  58|0x00000007e3a00000, 0x00000007e3a00000, 0x00000007e3b00000|  0%| F|  |TAMS 0x00000007e3a00000, 0x00000007e3a00000| Untracked 
|  59|0x00000007e3b00000, 0x00000007e3b00000, 0x00000007e3c00000|  0%| F|  |TAMS 0x00000007e3b00000, 0x00000007e3b00000| Untracked 
|  60|0x00000007e3c00000, 0x00000007e3c00000, 0x00000007e3d00000|  0%| F|  |TAMS 0x00000007e3c00000, 0x00000007e3c00000| Untracked 
|  61|0x00000007e3d00000, 0x00000007e3d00000, 0x00000007e3e00000|  0%| F|  |TAMS 0x00000007e3d00000, 0x00000007e3d00000| Untracked 
|  62|0x00000007e3e00000, 0x00000007e3e00000, 0x00000007e3f00000|  0%| F|  |TAMS 0x00000007e3e00000, 0x00000007e3e00000| Untracked 
|  63|0x00000007e3f00000, 0x00000007e3f00000, 0x00000007e4000000|  0%| F|  |TAMS 0x00000007e3f00000, 0x00000007e3f00000| Untracked 
|  64|0x00000007e4000000, 0x00000007e4000000, 0x00000007e4100000|  0%| F|  |TAMS 0x00000007e4000000, 0x00000007e4000000| Untracked 
|  65|0x00000007e4100000, 0x00000007e4100000, 0x00000007e4200000|  0%| F|  |TAMS 0x00000007e4100000, 0x00000007e4100000| Untracked 
|  66|0x00000007e4200000, 0x00000007e4200000, 0x00000007e4300000|  0%| F|  |TAMS 0x00000007e4200000, 0x00000007e4200000| Untracked 
|  67|0x00000007e4300000, 0x00000007e4300000, 0x00000007e4400000|  0%| F|  |TAMS 0x00000007e4300000, 0x00000007e4300000| Untracked 
|  68|0x00000007e4400000, 0x00000007e4400000, 0x00000007e4500000|  0%| F|  |TAMS 0x00000007e4400000, 0x00000007e4400000| Untracked 
|  69|0x00000007e4500000, 0x00000007e4500000, 0x00000007e4600000|  0%| F|  |TAMS 0x00000007e4500000, 0x00000007e4500000| Untracked 
|  70|0x00000007e4600000, 0x00000007e4600000, 0x00000007e4700000|  0%| F|  |TAMS 0x00000007e4600000, 0x00000007e4600000| Untracked 
|  71|0x00000007e4700000, 0x00000007e4700000, 0x00000007e4800000|  0%| F|  |TAMS 0x00000007e4700000, 0x00000007e4700000| Untracked 
|  72|0x00000007e4800000, 0x00000007e4800000, 0x00000007e4900000|  0%| F|  |TAMS 0x00000007e4800000, 0x00000007e4800000| Untracked 
|  73|0x00000007e4900000, 0x00000007e4900000, 0x00000007e4a00000|  0%| F|  |TAMS 0x00000007e4900000, 0x00000007e4900000| Untracked 
|  74|0x00000007e4a00000, 0x00000007e4a00000, 0x00000007e4b00000|  0%| F|  |TAMS 0x00000007e4a00000, 0x00000007e4a00000| Untracked 
|  75|0x00000007e4b00000, 0x00000007e4b00000, 0x00000007e4c00000|  0%| F|  |TAMS 0x00000007e4b00000, 0x00000007e4b00000| Untracked 
|  76|0x00000007e4c00000, 0x00000007e4c00000, 0x00000007e4d00000|  0%| F|  |TAMS 0x00000007e4c00000, 0x00000007e4c00000| Untracked 
|  77|0x00000007e4d00000, 0x00000007e4d00000, 0x00000007e4e00000|  0%| F|  |TAMS 0x00000007e4d00000, 0x00000007e4d00000| Untracked 
|  78|0x00000007e4e00000, 0x00000007e4e00000, 0x00000007e4f00000|  0%| F|  |TAMS 0x00000007e4e00000, 0x00000007e4e00000| Untracked 
|  79|0x00000007e4f00000, 0x00000007e4f00000, 0x00000007e5000000|  0%| F|  |TAMS 0x00000007e4f00000, 0x00000007e4f00000| Untracked 
|  80|0x00000007e5000000, 0x00000007e5000000, 0x00000007e5100000|  0%| F|  |TAMS 0x00000007e5000000, 0x00000007e5000000| Untracked 
|  81|0x00000007e5100000, 0x00000007e5100000, 0x00000007e5200000|  0%| F|  |TAMS 0x00000007e5100000, 0x00000007e5100000| Untracked 
|  82|0x00000007e5200000, 0x00000007e5200000, 0x00000007e5300000|  0%| F|  |TAMS 0x00000007e5200000, 0x00000007e5200000| Untracked 
|  83|0x00000007e5300000, 0x00000007e5300000, 0x00000007e5400000|  0%| F|  |TAMS 0x00000007e5300000, 0x00000007e5300000| Untracked 
|  84|0x00000007e5400000, 0x00000007e5400000, 0x00000007e5500000|  0%| F|  |TAMS 0x00000007e5400000, 0x00000007e5400000| Untracked 
|  85|0x00000007e5500000, 0x00000007e5500000, 0x00000007e5600000|  0%| F|  |TAMS 0x00000007e5500000, 0x00000007e5500000| Untracked 
|  86|0x00000007e5600000, 0x00000007e5600000, 0x00000007e5700000|  0%| F|  |TAMS 0x00000007e5600000, 0x00000007e5600000| Untracked 
|  87|0x00000007e5700000, 0x00000007e5700000, 0x00000007e5800000|  0%| F|  |TAMS 0x00000007e5700000, 0x00000007e5700000| Untracked 
|  88|0x00000007e5800000, 0x00000007e5800000, 0x00000007e5900000|  0%| F|  |TAMS 0x00000007e5800000, 0x00000007e5800000| Untracked 
|  89|0x00000007e5900000, 0x00000007e5900000, 0x00000007e5a00000|  0%| F|  |TAMS 0x00000007e5900000, 0x00000007e5900000| Untracked 
|  90|0x00000007e5a00000, 0x00000007e5a00000, 0x00000007e5b00000|  0%| F|  |TAMS 0x00000007e5a00000, 0x00000007e5a00000| Untracked 
|  91|0x00000007e5b00000, 0x00000007e5b00000, 0x00000007e5c00000|  0%| F|  |TAMS 0x00000007e5b00000, 0x00000007e5b00000| Untracked 
|  92|0x00000007e5c00000, 0x00000007e5c00000, 0x00000007e5d00000|  0%| F|  |TAMS 0x00000007e5c00000, 0x00000007e5c00000| Untracked 
|  93|0x00000007e5d00000, 0x00000007e5d00000, 0x00000007e5e00000|  0%| F|  |TAMS 0x00000007e5d00000, 0x00000007e5d00000| Untracked 
|  94|0x00000007e5e00000, 0x00000007e5e00000, 0x00000007e5f00000|  0%| F|  |TAMS 0x00000007e5e00000, 0x00000007e5e00000| Untracked 
|  95|0x00000007e5f00000, 0x00000007e5f00000, 0x00000007e6000000|  0%| F|  |TAMS 0x00000007e5f00000, 0x00000007e5f00000| Untracked 
|  96|0x00000007e6000000, 0x00000007e6000000, 0x00000007e6100000|  0%| F|  |TAMS 0x00000007e6000000, 0x00000007e6000000| Untracked 
|  97|0x00000007e6100000, 0x00000007e6100000, 0x00000007e6200000|  0%| F|  |TAMS 0x00000007e6100000, 0x00000007e6100000| Untracked 
|  98|0x00000007e6200000, 0x00000007e6200000, 0x00000007e6300000|  0%| F|  |TAMS 0x00000007e6200000, 0x00000007e6200000| Untracked 
|  99|0x00000007e6300000, 0x00000007e6300000, 0x00000007e6400000|  0%| F|  |TAMS 0x00000007e6300000, 0x00000007e6300000| Untracked 
| 100|0x00000007e6400000, 0x00000007e6400000, 0x00000007e6500000|  0%| F|  |TAMS 0x00000007e6400000, 0x00000007e6400000| Untracked 
| 101|0x00000007e6500000, 0x00000007e6500000, 0x00000007e6600000|  0%| F|  |TAMS 0x00000007e6500000, 0x00000007e6500000| Untracked 
| 102|0x00000007e6600000, 0x00000007e6600000, 0x00000007e6700000|  0%| F|  |TAMS 0x00000007e6600000, 0x00000007e6600000| Untracked 
| 103|0x00000007e6700000, 0x00000007e6700000, 0x00000007e6800000|  0%| F|  |TAMS 0x00000007e6700000, 0x00000007e6700000| Untracked 
| 104|0x00000007e6800000, 0x00000007e6800000, 0x00000007e6900000|  0%| F|  |TAMS 0x00000007e6800000, 0x00000007e6800000| Untracked 
| 105|0x00000007e6900000, 0x00000007e6900000, 0x00000007e6a00000|  0%| F|  |TAMS 0x00000007e6900000, 0x00000007e6900000| Untracked 
| 106|0x00000007e6a00000, 0x00000007e6a00000, 0x00000007e6b00000|  0%| F|  |TAMS 0x00000007e6a00000, 0x00000007e6a00000| Untracked 
| 107|0x00000007e6b00000, 0x00000007e6b00000, 0x00000007e6c00000|  0%| F|  |TAMS 0x00000007e6b00000, 0x00000007e6b00000| Untracked 
| 108|0x00000007e6c00000, 0x00000007e6c00000, 0x00000007e6d00000|  0%| F|  |TAMS 0x00000007e6c00000, 0x00000007e6c00000| Untracked 
| 109|0x00000007e6d00000, 0x00000007e6d00000, 0x00000007e6e00000|  0%| F|  |TAMS 0x00000007e6d00000, 0x00000007e6d00000| Untracked 
| 110|0x00000007e6e00000, 0x00000007e6e00000, 0x00000007e6f00000|  0%| F|  |TAMS 0x00000007e6e00000, 0x00000007e6e00000| Untracked 
| 111|0x00000007e6f00000, 0x00000007e6f00000, 0x00000007e7000000|  0%| F|  |TAMS 0x00000007e6f00000, 0x00000007e6f00000| Untracked 
| 112|0x00000007e7000000, 0x00000007e7100000, 0x00000007e7100000|100%| S|CS|TAMS 0x00000007e7000000, 0x00000007e7000000| Complete 
| 113|0x00000007e7100000, 0x00000007e7200000, 0x00000007e7200000|100%| S|CS|TAMS 0x00000007e7100000, 0x00000007e7100000| Complete 
| 114|0x00000007e7200000, 0x00000007e7200000, 0x00000007e7300000|  0%| F|  |TAMS 0x00000007e7200000, 0x00000007e7200000| Untracked 
| 115|0x00000007e7300000, 0x00000007e7300000, 0x00000007e7400000|  0%| F|  |TAMS 0x00000007e7300000, 0x00000007e7300000| Untracked 
| 116|0x00000007e7400000, 0x00000007e7400000, 0x00000007e7500000|  0%| F|  |TAMS 0x00000007e7400000, 0x00000007e7400000| Untracked 
| 117|0x00000007e7500000, 0x00000007e7500000, 0x00000007e7600000|  0%| F|  |TAMS 0x00000007e7500000, 0x00000007e7500000| Untracked 
| 118|0x00000007e7600000, 0x00000007e7600000, 0x00000007e7700000|  0%| F|  |TAMS 0x00000007e7600000, 0x00000007e7600000| Untracked 
| 119|0x00000007e7700000, 0x00000007e7700000, 0x00000007e7800000|  0%| F|  |TAMS 0x00000007e7700000, 0x00000007e7700000| Untracked 
| 120|0x00000007e7800000, 0x00000007e7800000, 0x00000007e7900000|  0%| F|  |TAMS 0x00000007e7800000, 0x00000007e7800000| Untracked 
| 121|0x00000007e7900000, 0x00000007e7980800, 0x00000007e7a00000| 50%| E|  |TAMS 0x00000007e7900000, 0x00000007e7900000| Complete 
| 122|0x00000007e7a00000, 0x00000007e7b00000, 0x00000007e7b00000|100%| E|CS|TAMS 0x00000007e7a00000, 0x00000007e7a00000| Complete 
| 123|0x00000007e7b00000, 0x00000007e7c00000, 0x00000007e7c00000|100%| E|CS|TAMS 0x00000007e7b00000, 0x00000007e7b00000| Complete 
| 124|0x00000007e7c00000, 0x00000007e7d00000, 0x00000007e7d00000|100%| E|CS|TAMS 0x00000007e7c00000, 0x00000007e7c00000| Complete 
| 125|0x00000007e7d00000, 0x00000007e7e00000, 0x00000007e7e00000|100%| E|CS|TAMS 0x00000007e7d00000, 0x00000007e7d00000| Complete 
| 126|0x00000007e7e00000, 0x00000007e7f00000, 0x00000007e7f00000|100%| E|CS|TAMS 0x00000007e7e00000, 0x00000007e7e00000| Complete 
| 127|0x00000007e7f00000, 0x00000007e8000000, 0x00000007e8000000|100%| E|CS|TAMS 0x00000007e7f00000, 0x00000007e7f00000| Complete 

Card table byte_map: [0x0000000126483000,0x0000000126583000] _byte_map_base: 0x0000000122583000

Marking Bits (Prev, Next): (CMBitMap*) 0x00007f8ae6447418, (CMBitMap*) 0x00007f8ae6447450
 Prev Bits: [0x0000000126683000, 0x0000000126e83000)
 Next Bits: [0x0000000126e83000, 0x0000000127683000)

Polling page: 0x0000000105977000

Metaspace:

Usage:
  Non-class:      9.75 MB capacity,     9.64 MB ( 99%) used,   102.47 KB (  1%) free+waste,     8.38 KB ( <1%) overhead. 
      Class:      1.17 MB capacity,     1.14 MB ( 98%) used,    25.68 KB (  2%) free+waste,     3.50 KB ( <1%) overhead. 
       Both:     10.91 MB capacity,    10.78 MB ( 99%) used,   128.15 KB (  1%) free+waste,    11.88 KB ( <1%) overhead. 

Virtual space:
  Non-class space:       10.00 MB reserved,      10.00 MB (100%) committed 
      Class space:        1.00 GB reserved,       1.25 MB ( <1%) committed 
             Both:        1.01 GB reserved,      11.25 MB (  1%) committed 

Chunk freelists:
   Non-Class:  7.00 KB
       Class:  2.75 KB
        Both:  9.75 KB

CodeHeap 'non-profiled nmethods': size=120032Kb used=291Kb max_used=291Kb free=119740Kb
 bounds [0x000000011eb4b000, 0x000000011edbb000, 0x0000000126083000]
CodeHeap 'profiled nmethods': size=120032Kb used=1516Kb max_used=1516Kb free=118515Kb
 bounds [0x0000000117613000, 0x0000000117883000, 0x000000011eb4b000]
CodeHeap 'non-nmethods': size=5696Kb used=1059Kb max_used=1085Kb free=4636Kb
 bounds [0x0000000117083000, 0x00000001172f3000, 0x0000000117613000]
 total_blobs=1373 nmethods=779 adapters=266
 compilation: enabled
              stopped_count=0, restarted_count=0
 full_count=0

Compilation events (10 events):
Event: 1.032 Thread 0x00007f8ae5f00800 nmethod 758 0x000000011eb8e090 code [0x000000011eb8e2c0, 0x000000011eb8f168]
Event: 1.160 Thread 0x00007f8ae89b1000 nmethod 761 0x000000011eb8fa10 code [0x000000011eb8fd20, 0x000000011eb921c8]
Event: 6781.320 Thread 0x00007f8ae5e49000  775       3       java.lang.ref.ReferenceQueue::reallyPoll (65 bytes)
Event: 6781.322 Thread 0x00007f8ae5e49000 nmethod 775 0x000000011778c190 code [0x000000011778c380, 0x000000011778c910]
Event: 13802.066 Thread 0x00007f8ae5e49000  776   !   3       java.lang.ref.ReferenceQueue::remove (125 bytes)
Event: 13802.067 Thread 0x00007f8ae5e49000 nmethod 776 0x000000011778ca10 code [0x000000011778cc40, 0x000000011778d4f8]
Event: 13862.071 Thread 0x00007f8ae5e49000  777   !   3       jdk.internal.ref.PhantomCleanable::isListEmpty (34 bytes)
Event: 13862.071 Thread 0x00007f8ae5e49000 nmethod 777 0x000000011778d810 code [0x000000011778d9c0, 0x000000011778dd30]
Event: 13862.071 Thread 0x00007f8ae5e49000  778       3       jdk.internal.misc.InnocuousThread::eraseThreadLocals (23 bytes)
Event: 13862.072 Thread 0x00007f8ae5e49000 nmethod 778 0x000000011778de90 code [0x000000011778e040, 0x000000011778e290]

GC Heap History (2 events):
Event: 0.735 GC heap before
{Heap before GC invocations=0 (full 0):
 garbage-first heap   total 131072K, used 14336K [0x00000007e0000000, 0x0000000800000000)
  region size 1024K, 14 young (14336K), 0 survivors (0K)
 Metaspace       used 9574K, capacity 9732K, committed 9984K, reserved 1058816K
  class space    used 873K, capacity 906K, committed 1024K, reserved 1048576K
}
Event: 0.740 GC heap after
{Heap after GC invocations=1 (full 0):
 garbage-first heap   total 131072K, used 3924K [0x00000007e0000000, 0x0000000800000000)
  region size 1024K, 2 young (2048K), 2 survivors (2048K)
 Metaspace       used 9574K, capacity 9732K, committed 9984K, reserved 1058816K
  class space    used 873K, capacity 906K, committed 1024K, reserved 1048576K
}

Deoptimization events (10 events):
Event: 0.396 Thread 0x00007f8adfc87800 Uncommon trap: reason=profile_predicate action=maybe_recompile pc=0x000000011eb5b024 method=java.lang.StringLatin1.indexOf([BI[BII)I @ 18 c2
Event: 0.413 Thread 0x00007f8adfc87800 Uncommon trap: reason=profile_predicate action=maybe_recompile pc=0x000000011eb5b024 method=java.lang.StringLatin1.indexOf([BI[BII)I @ 18 c2
Event: 0.416 Thread 0x00007f8adfc87800 Uncommon trap: reason=profile_predicate action=maybe_recompile pc=0x000000011eb5b024 method=java.lang.StringLatin1.indexOf([BI[BII)I @ 18 c2
Event: 0.509 Thread 0x00007f8adfc87800 Uncommon trap: reason=unstable_if action=reinterpret pc=0x000000011eb646cc method=java.lang.StringLatin1.indexOf([BI[BII)I @ 80 c2
Event: 0.518 Thread 0x00007f8adfc87800 Uncommon trap: reason=unstable_if action=reinterpret pc=0x000000011eb67d38 method=java.io.UnixFileSystem.normalize(Ljava/lang/String;)Ljava/lang/String; @ 60 c2
Event: 0.609 Thread 0x00007f8adfc87800 Uncommon trap: reason=unstable_if action=reinterpret pc=0x000000011eb6d220 method=java.lang.StringLatin1.indexOf([BI[BII)I @ 91 c2
Event: 0.612 Thread 0x00007f8adfc87800 Uncommon trap: reason=unstable_if action=reinterpret pc=0x000000011eb66fa0 method=sun.net.www.ParseUtil.firstEncodeIndex(Ljava/lang/String;)I @ 51 c2
Event: 0.621 Thread 0x00007f8adfc87800 Uncommon trap: reason=unstable_if action=reinterpret pc=0x000000011eb51614 method=java.lang.String.isLatin1()Z @ 10 c2
Event: 0.621 Thread 0x00007f8adfc87800 Uncommon trap: reason=unstable_if action=reinterpret pc=0x000000011eb52af8 method=java.lang.String.isLatin1()Z @ 10 c2
Event: 0.676 Thread 0x00007f8adfc87800 Uncommon trap: reason=unstable_if action=reinterpret pc=0x000000011eb75204 method=java.io.DataInputStream.readUTF(Ljava/io/DataInput;)Ljava/lang/String; @ 31 c2

Classes redefined (0 events):
No events

Internal exceptions (10 events):
Event: 0.603 Thread 0x00007f8adfc87800 Exception <a 'java/security/PrivilegedActionException'{0x00000007e75f1050}> (0x00000007e75f1050) thrown at [/scratch/mesos/slaves/62fa45a9-5cd4-454d-8a8a-6602ff6286e3-S178/frameworks/1735e8a2-a1db-478c-8104-60c8b0af87dd-0196/executors/d499fc30-2fcc-4cd1-a
Event: 0.603 Thread 0x00007f8adfc87800 Exception <a 'java/security/PrivilegedActionException'{0x00000007e75f15c8}> (0x00000007e75f15c8) thrown at [/scratch/mesos/slaves/62fa45a9-5cd4-454d-8a8a-6602ff6286e3-S178/frameworks/1735e8a2-a1db-478c-8104-60c8b0af87dd-0196/executors/d499fc30-2fcc-4cd1-a
Event: 0.612 Thread 0x00007f8adfc87800 Exception <a 'java/security/PrivilegedActionException'{0x00000007e7413088}> (0x00000007e7413088) thrown at [/scratch/mesos/slaves/62fa45a9-5cd4-454d-8a8a-6602ff6286e3-S178/frameworks/1735e8a2-a1db-478c-8104-60c8b0af87dd-0196/executors/d499fc30-2fcc-4cd1-a
Event: 0.612 Thread 0x00007f8adfc87800 Exception <a 'java/security/PrivilegedActionException'{0x00000007e7413600}> (0x00000007e7413600) thrown at [/scratch/mesos/slaves/62fa45a9-5cd4-454d-8a8a-6602ff6286e3-S178/frameworks/1735e8a2-a1db-478c-8104-60c8b0af87dd-0196/executors/d499fc30-2fcc-4cd1-a
Event: 0.614 Thread 0x00007f8adfc87800 Exception <a 'java/security/PrivilegedActionException'{0x00000007e741dc90}> (0x00000007e741dc90) thrown at [/scratch/mesos/slaves/62fa45a9-5cd4-454d-8a8a-6602ff6286e3-S178/frameworks/1735e8a2-a1db-478c-8104-60c8b0af87dd-0196/executors/d499fc30-2fcc-4cd1-a
Event: 0.615 Thread 0x00007f8adfc87800 Exception <a 'java/security/PrivilegedActionException'{0x00000007e741e208}> (0x00000007e741e208) thrown at [/scratch/mesos/slaves/62fa45a9-5cd4-454d-8a8a-6602ff6286e3-S178/frameworks/1735e8a2-a1db-478c-8104-60c8b0af87dd-0196/executors/d499fc30-2fcc-4cd1-a
Event: 0.615 Thread 0x00007f8adfc87800 Exception <a 'java/security/PrivilegedActionException'{0x00000007e7423d98}> (0x00000007e7423d98) thrown at [/scratch/mesos/slaves/62fa45a9-5cd4-454d-8a8a-6602ff6286e3-S178/frameworks/1735e8a2-a1db-478c-8104-60c8b0af87dd-0196/executors/d499fc30-2fcc-4cd1-a
Event: 0.615 Thread 0x00007f8adfc87800 Exception <a 'java/security/PrivilegedActionException'{0x00000007e7424310}> (0x00000007e7424310) thrown at [/scratch/mesos/slaves/62fa45a9-5cd4-454d-8a8a-6602ff6286e3-S178/frameworks/1735e8a2-a1db-478c-8104-60c8b0af87dd-0196/executors/d499fc30-2fcc-4cd1-a
Event: 0.617 Thread 0x00007f8adfc87800 Exception <a 'java/security/PrivilegedActionException'{0x00000007e742ea58}> (0x00000007e742ea58) thrown at [/scratch/mesos/slaves/62fa45a9-5cd4-454d-8a8a-6602ff6286e3-S178/frameworks/1735e8a2-a1db-478c-8104-60c8b0af87dd-0196/executors/d499fc30-2fcc-4cd1-a
Event: 0.617 Thread 0x00007f8adfc87800 Exception <a 'java/security/PrivilegedActionException'{0x00000007e742efd0}> (0x00000007e742efd0) thrown at [/scratch/mesos/slaves/62fa45a9-5cd4-454d-8a8a-6602ff6286e3-S178/frameworks/1735e8a2-a1db-478c-8104-60c8b0af87dd-0196/executors/d499fc30-2fcc-4cd1-a

Events (10 events):
Event: 0.995 loading class org/openxmlformats/schemas/spreadsheetml/x2006/main/impl/STBorderIdImpl
Event: 0.995 loading class org/openxmlformats/schemas/spreadsheetml/x2006/main/impl/STBorderIdImpl done
Event: 1.000 loading class org/openxmlformats/schemas/spreadsheetml/x2006/main/STBorderId
Event: 1.000 loading class org/openxmlformats/schemas/spreadsheetml/x2006/main/STBorderId done
Event: 1.002 loading class org/openxmlformats/schemas/spreadsheetml/x2006/main/impl/STCellStyleXfIdImpl
Event: 1.002 loading class org/openxmlformats/schemas/spreadsheetml/x2006/main/impl/STCellStyleXfIdImpl done
Event: 1.002 loading class org/openxmlformats/schemas/spreadsheetml/x2006/main/STCellStyleXfId
Event: 1.002 loading class org/openxmlformats/schemas/spreadsheetml/x2006/main/STCellStyleXfId done
Event: 6.161 Thread 0x00007f8ae89b1000 Thread exited: 0x00007f8ae89b1000
Event: 32970.647 Thread 0x00007f8ae5068000 Thread exited: 0x00007f8ae5068000


Dynamic libraries:
0x0000000104fba000 	/Library/Frameworks/R.framework/Versions/3.6/Resources/lib/libR.dylib
0x00007fff2b6de000 	/System/Library/Frameworks/AppKit.framework/Versions/C/AppKit
0x00007fff629e2000 	/usr/lib/libSystem.B.dylib
0x00007fff64f0f000 	/usr/lib/libz.1.dylib
0x00007fff2f8c4000 	/System/Library/Frameworks/CoreServices.framework/Versions/A/CoreServices
0x0000000105447000 	/Applications/RStudio.app/Contents/Frameworks/libssl.1.0.0.dylib
0x00000001054a8000 	/Applications/RStudio.app/Contents/Frameworks/libcrypto.1.0.0.dylib
0x00007fff62cc8000 	/usr/lib/libc++.1.dylib
0x00007fff2e4d4000 	/System/Library/Frameworks/CoreFoundation.framework/Versions/A/CoreFoundation
0x00007fff30b99000 	/System/Library/Frameworks/Foundation.framework/Versions/C/Foundation
0x00007fff64833000 	/usr/lib/libobjc.A.dylib
0x00007fff5f28d000 	/System/Library/PrivateFrameworks/UIFoundation.framework/Versions/A/UIFoundation
0x00007fff59a78000 	/System/Library/PrivateFrameworks/RemoteViewServices.framework/Versions/A/RemoteViewServices
0x00007fff61d1d000 	/System/Library/PrivateFrameworks/XCTTargetBootstrap.framework/Versions/A/XCTTargetBootstrap
0x00007fff2e3c4000 	/System/Library/Frameworks/CoreDisplay.framework/Versions/A/CoreDisplay
0x00007fff33911000 	/System/Library/Frameworks/Metal.framework/Versions/A/Metal
0x00007fff47e99000 	/System/Library/PrivateFrameworks/DesktopServicesPriv.framework/Versions/A/DesktopServicesPriv
0x00007fff63b18000 	/usr/lib/liblangid.dylib
0x00007fff46ff0000 	/System/Library/PrivateFrameworks/CoreSVG.framework/Versions/A/CoreSVG
0x00007fff5c83a000 	/System/Library/PrivateFrameworks/SkyLight.framework/Versions/A/SkyLight
0x00007fff2e956000 	/System/Library/Frameworks/CoreGraphics.framework/Versions/A/CoreGraphics
0x00007fff2a27d000 	/System/Library/Frameworks/Accelerate.framework/Versions/A/Accelerate
0x00007fff64e00000 	/usr/lib/libxml2.2.dylib
0x00007fff52bb7000 	/System/Library/PrivateFrameworks/IconServices.framework/Versions/A/IconServices
0x00007fff3137d000 	/System/Library/Frameworks/IOSurface.framework/Versions/A/IOSurface
0x00007fff6251a000 	/usr/lib/libDiagnosticMessagesClient.dylib
0x00007fff2c4e9000 	/System/Library/Frameworks/ApplicationServices.framework/Versions/A/ApplicationServices
0x00007fff47d12000 	/System/Library/PrivateFrameworks/DFRFoundation.framework/Versions/A/DFRFoundation
0x00007fff638a6000 	/usr/lib/libicucore.A.dylib
0x00007fff2c81b000 	/System/Library/Frameworks/AudioToolbox.framework/Versions/A/AudioToolbox
0x00007fff2c8fd000 	/System/Library/Frameworks/AudioUnit.framework/Versions/A/AudioUnit
0x00007fff62be3000 	/usr/lib/libauto.dylib
0x00007fff2dfe1000 	/System/Library/Frameworks/CoreData.framework/Versions/A/CoreData
0x00007fff47d93000 	/System/Library/PrivateFrameworks/DataDetectorsCore.framework/Versions/A/DataDetectorsCore
0x00007fff2d07e000 	/System/Library/Frameworks/Carbon.framework/Versions/A/Frameworks/HIToolbox.framework/Versions/A/HIToolbox
0x00007fff39d5c000 	/System/Library/Frameworks/QuartzCore.framework/Versions/A/QuartzCore
0x00007fff3ab2a000 	/System/Library/Frameworks/Security.framework/Versions/A/Security
0x00007fff2d3bd000 	/System/Library/Frameworks/Carbon.framework/Versions/A/Frameworks/SpeechRecognition.framework/Versions/A/SpeechRecognition
0x00007fff47698000 	/System/Library/PrivateFrameworks/CoreUI.framework/Versions/A/CoreUI
0x00007fff2da47000 	/System/Library/Frameworks/CoreAudio.framework/Versions/A/CoreAudio
0x00007fff30861000 	/System/Library/Frameworks/DiskArbitration.framework/Versions/A/DiskArbitration
0x00007fff54bcb000 	/System/Library/PrivateFrameworks/MultitouchSupport.framework/Versions/A/MultitouchSupport
0x00007fff6376c000 	/usr/lib/libenergytrace.dylib
0x00007fff312d8000 	/System/Library/Frameworks/IOKit.framework/Versions/A/IOKit
0x00007fff56cd5000 	/System/Library/PrivateFrameworks/PerformanceAnalysis.framework/Versions/A/PerformanceAnalysis
0x00007fff38d92000 	/System/Library/Frameworks/OpenGL.framework/Versions/A/OpenGL
0x00007fff2d56c000 	/System/Library/Frameworks/ColorSync.framework/Versions/A/ColorSync
0x00007fff2efdd000 	/System/Library/Frameworks/CoreImage.framework/Versions/A/CoreImage
0x00007fff3033a000 	/System/Library/Frameworks/CoreText.framework/Versions/A/CoreText
0x00007fff31403000 	/System/Library/Frameworks/ImageIO.framework/Versions/A/ImageIO
0x00007fff62d44000 	/usr/lib/libcompression.dylib
0x00007fff6285c000 	/usr/lib/libMobileGestalt.dylib
0x00007fff5e36f000 	/System/Library/PrivateFrameworks/TextureIO.framework/Versions/A/TextureIO
0x00007fff62b49000 	/usr/lib/libate.dylib
0x00007fff52dc0000 	/System/Library/PrivateFrameworks/InternationalSupport.framework/Versions/A/InternationalSupport
0x00007fff65985000 	/usr/lib/system/libcache.dylib
0x00007fff6598b000 	/usr/lib/system/libcommonCrypto.dylib
0x00007fff65997000 	/usr/lib/system/libcompiler_rt.dylib
0x00007fff6599f000 	/usr/lib/system/libcopyfile.dylib
0x00007fff659a9000 	/usr/lib/system/libcorecrypto.dylib
0x00007fff65b57000 	/usr/lib/system/libdispatch.dylib
0x00007fff65b99000 	/usr/lib/system/libdyld.dylib
0x00007fff65bcf000 	/usr/lib/system/libkeymgr.dylib
0x00007fff65bdd000 	/usr/lib/system/liblaunch.dylib
0x00007fff65bde000 	/usr/lib/system/libmacho.dylib
0x00007fff65be4000 	/usr/lib/system/libquarantine.dylib
0x00007fff65be7000 	/usr/lib/system/libremovefile.dylib
0x00007fff65be9000 	/usr/lib/system/libsystem_asl.dylib
0x00007fff65c01000 	/usr/lib/system/libsystem_blocks.dylib
0x00007fff65c02000 	/usr/lib/system/libsystem_c.dylib
0x00007fff65c8a000 	/usr/lib/system/libsystem_configuration.dylib
0x00007fff65c8e000 	/usr/lib/system/libsystem_coreservices.dylib
0x00007fff65c92000 	/usr/lib/system/libsystem_darwin.dylib
0x00007fff65c9b000 	/usr/lib/system/libsystem_dnssd.dylib
0x00007fff65ca3000 	/usr/lib/system/libsystem_featureflags.dylib
0x00007fff65ca5000 	/usr/lib/system/libsystem_info.dylib
0x00007fff65d20000 	/usr/lib/system/libsystem_m.dylib
0x00007fff65d68000 	/usr/lib/system/libsystem_malloc.dylib
0x00007fff65d90000 	/usr/lib/system/libsystem_networkextension.dylib
0x00007fff65d9e000 	/usr/lib/system/libsystem_notify.dylib
0x00007fff65dbd000 	/usr/lib/system/libsystem_sandbox.dylib
0x00007fff65dc2000 	/usr/lib/system/libsystem_secinit.dylib
0x00007fff65cf3000 	/usr/lib/system/libsystem_kernel.dylib
0x00007fff65da8000 	/usr/lib/system/libsystem_platform.dylib
0x00007fff65db2000 	/usr/lib/system/libsystem_pthread.dylib
0x00007fff65dc5000 	/usr/lib/system/libsystem_symptoms.dylib
0x00007fff65dcd000 	/usr/lib/system/libsystem_trace.dylib
0x00007fff65de5000 	/usr/lib/system/libunwind.dylib
0x00007fff65deb000 	/usr/lib/system/libxpc.dylib
0x00007fff62d1c000 	/usr/lib/libc++abi.dylib
0x00007fff63b1a000 	/usr/lib/liblzma.5.dylib
0x00007fff63794000 	/usr/lib/libfakelink.dylib
0x00007fff62ad6000 	/usr/lib/libarchive.2.dylib
0x00007fff3bcca000 	/System/Library/Frameworks/SystemConfiguration.framework/Versions/A/SystemConfiguration
0x00007fff6244b000 	/usr/lib/libCRFSuite.dylib
0x00007fff2cc73000 	/System/Library/Frameworks/CFNetwork.framework/Versions/A/CFNetwork
0x00007fff62caa000 	/usr/lib/libbsm.0.dylib
0x00007fff65bd0000 	/usr/lib/system/libkxld.dylib
0x00007fff417d4000 	/System/Library/PrivateFrameworks/AppleFSCompression.framework/Versions/A/AppleFSCompression
0x00007fff6302b000 	/usr/lib/libcoretls.dylib
0x00007fff63042000 	/usr/lib/libcoretls_cfhelpers.dylib
0x00007fff64877000 	/usr/lib/libpam.2.dylib
0x00007fff649aa000 	/usr/lib/libsqlite3.dylib
0x00007fff64ded000 	/usr/lib/libxar.1.dylib
0x00007fff62cbb000 	/usr/lib/libbz2.1.0.dylib
0x00007fff637b5000 	/usr/lib/libiconv.2.dylib
0x00007fff62d31000 	/usr/lib/libcharset.1.dylib
0x00007fff6431e000 	/usr/lib/libnetwork.dylib
0x00007fff6487e000 	/usr/lib/libpcap.A.dylib
0x00007fff62a8b000 	/usr/lib/libapple_nghttp2.dylib
0x00007fff2fc7b000 	/System/Library/Frameworks/CoreServices.framework/Versions/A/Frameworks/FSEvents.framework/Versions/A/FSEvents
0x00007fff2f94b000 	/System/Library/Frameworks/CoreServices.framework/Versions/A/Frameworks/CarbonCore.framework/Versions/A/CarbonCore
0x00007fff2febe000 	/System/Library/Frameworks/CoreServices.framework/Versions/A/Frameworks/Metadata.framework/Versions/A/Metadata
0x00007fff2ff57000 	/System/Library/Frameworks/CoreServices.framework/Versions/A/Frameworks/OSServices.framework/Versions/A/OSServices
0x00007fff2ff85000 	/System/Library/Frameworks/CoreServices.framework/Versions/A/Frameworks/SearchKit.framework/Versions/A/SearchKit
0x00007fff2f8c5000 	/System/Library/Frameworks/CoreServices.framework/Versions/A/Frameworks/AE.framework/Versions/A/AE
0x00007fff2fc84000 	/System/Library/Frameworks/CoreServices.framework/Versions/A/Frameworks/LaunchServices.framework/Versions/A/LaunchServices
0x00007fff2fc2d000 	/System/Library/Frameworks/CoreServices.framework/Versions/A/Frameworks/DictionaryServices.framework/Versions/A/DictionaryServices
0x00007fff2ffed000 	/System/Library/Frameworks/CoreServices.framework/Versions/A/Frameworks/SharedFileList.framework/Versions/A/SharedFileList
0x00007fff34be6000 	/System/Library/Frameworks/NetFS.framework/Versions/A/NetFS
0x00007fff550f8000 	/System/Library/PrivateFrameworks/NetAuth.framework/Versions/A/NetAuth
0x00007fff620e8000 	/System/Library/PrivateFrameworks/login.framework/Versions/A/Frameworks/loginsupport.framework/Versions/A/loginsupport
0x00007fff5de6a000 	/System/Library/PrivateFrameworks/TCC.framework/Versions/A/TCC
0x00007fff463bf000 	/System/Library/PrivateFrameworks/CoreNLP.framework/Versions/A/CoreNLP
0x00007fff545fb000 	/System/Library/PrivateFrameworks/MetadataUtilities.framework/Versions/A/MetadataUtilities
0x00007fff63bf2000 	/usr/lib/libmecabra.dylib
0x00007fff63b4a000 	/usr/lib/libmecab.dylib
0x00007fff637a5000 	/usr/lib/libgermantok.dylib
0x00007fff62a72000 	/usr/lib/libThaiTokenizer.dylib
0x00007fff62483000 	/usr/lib/libChineseTokenizer.dylib
0x00007fff2a295000 	/System/Library/Frameworks/Accelerate.framework/Versions/A/Frameworks/vImage.framework/Versions/A/vImage
0x00007fff2b538000 	/System/Library/Frameworks/Accelerate.framework/Versions/A/Frameworks/vecLib.framework/Versions/A/vecLib
0x00007fff2b47c000 	/System/Library/Frameworks/Accelerate.framework/Versions/A/Frameworks/vecLib.framework/Versions/A/libvMisc.dylib
0x00007fff2b2a2000 	/System/Library/Frameworks/Accelerate.framework/Versions/A/Frameworks/vecLib.framework/Versions/A/libvDSP.dylib
0x00007fff2a901000 	/System/Library/Frameworks/Accelerate.framework/Versions/A/Frameworks/vecLib.framework/Versions/A/libBLAS.dylib
0x00007fff2ae5c000 	/System/Library/Frameworks/Accelerate.framework/Versions/A/Frameworks/vecLib.framework/Versions/A/libLAPACK.dylib
0x00007fff2b202000 	/System/Library/Frameworks/Accelerate.framework/Versions/A/Frameworks/vecLib.framework/Versions/A/libLinearAlgebra.dylib
0x00007fff2b28f000 	/System/Library/Frameworks/Accelerate.framework/Versions/A/Frameworks/vecLib.framework/Versions/A/libSparseBLAS.dylib
0x00007fff2b218000 	/System/Library/Frameworks/Accelerate.framework/Versions/A/Frameworks/vecLib.framework/Versions/A/libQuadrature.dylib
0x00007fff2ab6b000 	/System/Library/Frameworks/Accelerate.framework/Versions/A/Frameworks/vecLib.framework/Versions/A/libBNNS.dylib
0x00007fff2b21e000 	/System/Library/Frameworks/Accelerate.framework/Versions/A/Frameworks/vecLib.framework/Versions/A/libSparse.dylib
0x00007fff5317f000 	/System/Library/PrivateFrameworks/LanguageModeling.framework/Versions/A/LanguageModeling
0x00007fff45d5b000 	/System/Library/PrivateFrameworks/CoreEmoji.framework/Versions/A/CoreEmoji
0x00007fff5329d000 	/System/Library/PrivateFrameworks/LinguisticData.framework/Versions/A/LinguisticData
0x00007fff5324e000 	/System/Library/PrivateFrameworks/Lexicon.framework/Versions/A/Lexicon
0x00007fff62d32000 	/usr/lib/libcmph.dylib
0x00007fff377b8000 	/System/Library/Frameworks/OpenDirectory.framework/Versions/A/Frameworks/CFOpenDirectory.framework/Versions/A/CFOpenDirectory
0x00007fff377d5000 	/System/Library/Frameworks/OpenDirectory.framework/Versions/A/OpenDirectory
0x00007fff3faa3000 	/System/Library/PrivateFrameworks/APFS.framework/Versions/A/APFS
0x00007fff3ae7d000 	/System/Library/Frameworks/SecurityFoundation.framework/Versions/A/SecurityFoundation
0x00007fff64de9000 	/usr/lib/libutil.dylib
0x00007fff47048000 	/System/Library/PrivateFrameworks/CoreServicesStore.framework/Versions/A/CoreServicesStore
0x00007fff3af35000 	/System/Library/Frameworks/ServiceManagement.framework/Versions/A/ServiceManagement
0x00007fff42f8b000 	/System/Library/PrivateFrameworks/BackgroundTaskManagement.framework/Versions/A/BackgroundTaskManagement
0x00007fff64ee6000 	/usr/lib/libxslt.1.dylib
0x00007fff41e39000 	/System/Library/PrivateFrameworks/AppleSystemInfo.framework/Versions/A/AppleSystemInfo
0x00007fff31620000 	/System/Library/Frameworks/ImageIO.framework/Versions/A/Resources/libJPEG.dylib
0x00007fff318df000 	/System/Library/Frameworks/ImageIO.framework/Versions/A/Resources/libTIFF.dylib
0x00007fff318c2000 	/System/Library/Frameworks/ImageIO.framework/Versions/A/Resources/libPng.dylib
0x00007fff31561000 	/System/Library/Frameworks/ImageIO.framework/Versions/A/Resources/libGIF.dylib
0x00007fff31565000 	/System/Library/Frameworks/ImageIO.framework/Versions/A/Resources/libJP2.dylib
0x00007fff318dd000 	/System/Library/Frameworks/ImageIO.framework/Versions/A/Resources/libRadiance.dylib
0x00007fff6376d000 	/usr/lib/libexpat.1.dylib
0x00007fff4192f000 	/System/Library/PrivateFrameworks/AppleJPEG.framework/Versions/A/AppleJPEG
0x00007fff4a2b5000 	/System/Library/PrivateFrameworks/FontServices.framework/libFontParser.dylib
0x00007fff6113f000 	/System/Library/PrivateFrameworks/WatchdogClient.framework/Versions/A/WatchdogClient
0x00007fff5280c000 	/System/Library/PrivateFrameworks/IOAccelerator.framework/Versions/A/IOAccelerator
0x00007fff33c9f000 	/System/Library/Frameworks/MetalPerformanceShaders.framework/Versions/A/MetalPerformanceShaders
0x00007fff4f003000 	/System/Library/PrivateFrameworks/GPUWrangler.framework/Versions/A/GPUWrangler
0x00007fff52817000 	/System/Library/PrivateFrameworks/IOPresentment.framework/Versions/A/IOPresentment
0x00007fff47d25000 	/System/Library/PrivateFrameworks/DSExternalDisplay.framework/Versions/A/DSExternalDisplay
0x00007fff3813e000 	/System/Library/Frameworks/OpenGL.framework/Versions/A/Libraries/libCoreFSCache.dylib
0x00007fff339f1000 	/System/Library/Frameworks/MetalPerformanceShaders.framework/Frameworks/MPSCore.framework/Versions/A/MPSCore
0x00007fff33a2e000 	/System/Library/Frameworks/MetalPerformanceShaders.framework/Frameworks/MPSImage.framework/Versions/A/MPSImage
0x00007fff33af0000 	/System/Library/Frameworks/MetalPerformanceShaders.framework/Frameworks/MPSNeuralNetwork.framework/Versions/A/MPSNeuralNetwork
0x00007fff33ab5000 	/System/Library/Frameworks/MetalPerformanceShaders.framework/Frameworks/MPSMatrix.framework/Versions/A/MPSMatrix
0x00007fff33c50000 	/System/Library/Frameworks/MetalPerformanceShaders.framework/Frameworks/MPSRayIntersector.framework/Versions/A/MPSRayIntersector
0x00007fff33ada000 	/System/Library/Frameworks/MetalPerformanceShaders.framework/Frameworks/MPSNDArray.framework/Versions/A/MPSNDArray
0x00007fff54648000 	/System/Library/PrivateFrameworks/MetalTools.framework/Versions/A/MetalTools
0x00007fff40c5a000 	/System/Library/PrivateFrameworks/AggregateDictionary.framework/Versions/A/AggregateDictionary
0x00007fff457e5000 	/System/Library/PrivateFrameworks/CoreAnalytics.framework/Versions/A/CoreAnalytics
0x00007fff41d57000 	/System/Library/PrivateFrameworks/AppleSauce.framework/Versions/A/AppleSauce
0x00007fff6273f000 	/usr/lib/libIOReport.dylib
0x00007fff304ef000 	/System/Library/Frameworks/CoreVideo.framework/Versions/A/CoreVideo
0x00007fff5046f000 	/System/Library/PrivateFrameworks/GraphVisualizer.framework/Versions/A/GraphVisualizer
0x00007fff49836000 	/System/Library/PrivateFrameworks/FaceCore.framework/Versions/A/FaceCore
0x00007fff3775f000 	/System/Library/Frameworks/OpenCL.framework/Versions/A/OpenCL
0x00007fff62561000 	/usr/lib/libFosl_dynamic.dylib
0x00007fff55af3000 	/System/Library/PrivateFrameworks/OTSVG.framework/Versions/A/OTSVG
0x00007fff2c5ee000 	/System/Library/Frameworks/ApplicationServices.framework/Versions/A/Frameworks/ATS.framework/Versions/A/Resources/libFontRegistry.dylib
0x00007fff4a486000 	/System/Library/PrivateFrameworks/FontServices.framework/libhvf.dylib
0x00007fff38149000 	/System/Library/Frameworks/OpenGL.framework/Versions/A/Libraries/libGFXShared.dylib
0x00007fff38326000 	/System/Library/Frameworks/OpenGL.framework/Versions/A/Libraries/libGLU.dylib
0x00007fff38152000 	/System/Library/Frameworks/OpenGL.framework/Versions/A/Libraries/libGL.dylib
0x00007fff3815d000 	/System/Library/Frameworks/OpenGL.framework/Versions/A/Libraries/libGLImage.dylib
0x00007fff3813b000 	/System/Library/Frameworks/OpenGL.framework/Versions/A/Libraries/libCVMSPluginSupport.dylib
0x00007fff38144000 	/System/Library/Frameworks/OpenGL.framework/Versions/A/Libraries/libCoreVMClient.dylib
0x00007fff641c0000 	/usr/lib/libncurses.5.4.dylib
0x00007fff2c4ea000 	/System/Library/Frameworks/ApplicationServices.framework/Versions/A/Frameworks/ATS.framework/Versions/A/ATS
0x00007fff2c6b7000 	/System/Library/Frameworks/ApplicationServices.framework/Versions/A/Frameworks/ColorSyncLegacy.framework/Versions/A/ColorSyncLegacy
0x00007fff2c756000 	/System/Library/Frameworks/ApplicationServices.framework/Versions/A/Frameworks/HIServices.framework/Versions/A/HIServices
0x00007fff2c7ad000 	/System/Library/Frameworks/ApplicationServices.framework/Versions/A/Frameworks/LangAnalysis.framework/Versions/A/LangAnalysis
0x00007fff2c7bc000 	/System/Library/Frameworks/ApplicationServices.framework/Versions/A/Frameworks/PrintCore.framework/Versions/A/PrintCore
0x00007fff2c802000 	/System/Library/Frameworks/ApplicationServices.framework/Versions/A/Frameworks/QD.framework/Versions/A/QD
0x00007fff2c80d000 	/System/Library/Frameworks/ApplicationServices.framework/Versions/A/Frameworks/SpeechSynthesis.framework/Versions/A/SpeechSynthesis
0x00007fff2c687000 	/System/Library/Frameworks/ApplicationServices.framework/Versions/A/Frameworks/ATSUI.framework/Versions/A/ATSUI
0x00007fff63601000 	/usr/lib/libcups.2.dylib
0x00007fff32d4e000 	/System/Library/Frameworks/Kerberos.framework/Versions/A/Kerberos
0x00007fff30fce000 	/System/Library/Frameworks/GSS.framework/Versions/A/GSS
0x00007fff64936000 	/usr/lib/libresolv.9.dylib
0x00007fff50610000 	/System/Library/PrivateFrameworks/Heimdal.framework/Versions/A/Heimdal
0x00007fff32d61000 	/System/Library/Frameworks/Kerberos.framework/Versions/A/Libraries/libHeimdalProxy.dylib
0x00007fff637ab000 	/usr/lib/libheimdal-asn1.dylib
0x00007fff44c8b000 	/System/Library/PrivateFrameworks/CommonAuth.framework/Versions/A/CommonAuth
0x00007fff41ed6000 	/System/Library/PrivateFrameworks/AssertionServices.framework/Versions/A/AssertionServices
0x00007fff42a79000 	/System/Library/PrivateFrameworks/AudioToolboxCore.framework/Versions/A/AudioToolboxCore
0x00007fff61d99000 	/System/Library/PrivateFrameworks/caulk.framework/Versions/A/caulk
0x00007fff43037000 	/System/Library/PrivateFrameworks/BaseBoard.framework/Versions/A/BaseBoard
0x00007fff59c07000 	/System/Library/PrivateFrameworks/RunningBoardServices.framework/Versions/A/RunningBoardServices
0x00007fff56ce1000 	/System/Library/PrivateFrameworks/PersistentConnection.framework/Versions/A/PersistentConnection
0x00007fff59656000 	/System/Library/PrivateFrameworks/ProtocolBuffer.framework/Versions/A/ProtocolBuffer
0x00007fff44cb0000 	/System/Library/PrivateFrameworks/CommonUtilities.framework/Versions/A/CommonUtilities
0x00007fff431ba000 	/System/Library/PrivateFrameworks/Bom.framework/Versions/A/Bom
0x00007fff6240e000 	/usr/lib/libAudioToolboxUtility.dylib
0x00007fff42f95000 	/System/Library/PrivateFrameworks/Backup.framework/Versions/A/Backup
0x00007fff47a95000 	/System/Library/PrivateFrameworks/CrashReporterSupport.framework/Versions/A/CrashReporterSupport
0x00007fff5b6fe000 	/System/Library/PrivateFrameworks/Sharing.framework/Versions/A/Sharing
0x00007fff4167a000 	/System/Library/PrivateFrameworks/Apple80211.framework/Versions/A/Apple80211
0x00007fff42cb7000 	/System/Library/PrivateFrameworks/AuthKit.framework/Versions/A/AuthKit
0x00007fff477c5000 	/System/Library/PrivateFrameworks/CoreUtils.framework/Versions/A/CoreUtils
0x00007fff30534000 	/System/Library/Frameworks/CoreWLAN.framework/Versions/A/CoreWLAN
0x00007fff31159000 	/System/Library/Frameworks/IOBluetooth.framework/Versions/A/IOBluetooth
0x00007fff54946000 	/System/Library/PrivateFrameworks/MobileKeyBag.framework/Versions/A/MobileKeyBag
0x00007fff4689b000 	/System/Library/PrivateFrameworks/CorePhoneNumbers.framework/Versions/A/CorePhoneNumbers
0x00007fff418e2000 	/System/Library/PrivateFrameworks/AppleIDAuthSupport.framework/Versions/A/AppleIDAuthSupport
0x00007fff34bf3000 	/System/Library/Frameworks/Network.framework/Versions/A/Network
0x00007fff53007000 	/System/Library/PrivateFrameworks/KeychainCircle.framework/Versions/A/KeychainCircle
0x00007fff2dfa9000 	/System/Library/Frameworks/CoreBluetooth.framework/Versions/A/CoreBluetooth
0x00007fff5d37a000 	/System/Library/PrivateFrameworks/SpeechRecognitionCore.framework/Versions/A/SpeechRecognitionCore
0x000000010566c000 	/Library/Frameworks/R.framework/Versions/3.6/Resources/lib/libRblas.dylib
0x000000010569b000 	/Library/Frameworks/R.framework/Versions/3.6/Resources/lib/libgfortran.3.dylib
0x0000000105826000 	/Library/Frameworks/R.framework/Versions/3.6/Resources/lib/libquadmath.0.dylib
0x000000010586c000 	/Library/Frameworks/R.framework/Versions/3.6/Resources/lib/libreadline.5.2.dylib
0x00000001058aa000 	/Library/Frameworks/R.framework/Versions/3.6/Resources/lib/libomp.dylib
0x0000000105940000 	/Library/Frameworks/R.framework/Versions/3.6/Resources/lib/libgcc_s.1.dylib
0x0000000107b77000 	/Library/Frameworks/R.framework/Versions/3.6/Resources/library/methods/libs/methods.so
0x0000000107ab3000 	/Library/Frameworks/R.framework/Versions/3.6/Resources/library/utils/libs/utils.so
0x0000000107ac2000 	/Library/Frameworks/R.framework/Versions/3.6/Resources/library/grDevices/libs/grDevices.so
0x00007fff620eb000 	/System/Library/PrivateFrameworks/login.framework/Versions/A/login
0x00000001082e6000 	/Library/Frameworks/R.framework/Versions/3.6/Resources/library/graphics/libs/graphics.so
0x000000010832a000 	/Library/Frameworks/R.framework/Versions/3.6/Resources/library/stats/libs/stats.so
0x00000001083ef000 	/Library/Frameworks/R.framework/Versions/3.6/Resources/lib/libRlapack.dylib
0x0000000107cc0000 	/Library/Frameworks/R.framework/Versions/3.6/Resources/library/tools/libs/tools.so
0x0000000109000000 	/Library/Frameworks/R.framework/Versions/3.6/Resources/modules/internet.so
0x00007fff63662000 	/usr/lib/libcurl.4.dylib
0x00007fff634e7000 	/usr/lib/libcrypto.44.dylib
0x00007fff64c8b000 	/usr/lib/libssl.46.dylib
0x00007fff32d62000 	/System/Library/Frameworks/LDAP.framework/Versions/A/LDAP
0x00007fff5e5b3000 	/System/Library/PrivateFrameworks/TrustEvaluationAgent.framework/Versions/A/TrustEvaluationAgent
0x00007fff64995000 	/usr/lib/libsasl2.2.dylib
0x00007fff45acf000 	/System/Library/PrivateFrameworks/CoreDaemon.framework/Versions/B/CoreDaemon
0x00007fff41d52000 	/System/Library/PrivateFrameworks/AppleSRP.framework/Versions/A/AppleSRP
0x000000010958b000 	/Library/Frameworks/R.framework/Versions/3.6/Resources/library/Rcpp/libs/Rcpp.so
0x000000010961d000 	/Library/Frameworks/R.framework/Versions/3.6/Resources/lib/libc++.1.dylib
0x00000001096ef000 	/Library/Frameworks/R.framework/Versions/3.6/Resources/lib/libc++abi.1.dylib
0x00000001087aa000 	/Library/Frameworks/R.framework/Versions/3.6/Resources/library/bit/libs/bit.so
0x0000000109231000 	/Library/Frameworks/R.framework/Versions/3.6/Resources/library/bit64/libs/bit64.so
0x0000000109903000 	/Library/Frameworks/R.framework/Versions/3.6/Resources/library/rlang/libs/rlang.so
0x000000010992a000 	/Library/Frameworks/R.framework/Versions/3.6/Resources/library/vctrs/libs/vctrs.so
0x00000001099c8000 	/Library/Frameworks/R.framework/Versions/3.6/Resources/library/digest/libs/digest.so
0x00000001099eb000 	/Library/Frameworks/R.framework/Versions/3.6/Resources/library/RSQLite/libs/RSQLite.so
0x0000000109d08000 	/Library/Frameworks/R.framework/Versions/3.6/Resources/library/grid/libs/grid.so
0x000000010596e000 	/Library/Frameworks/R.framework/Versions/3.6/Resources/library/lattice/libs/lattice.so
0x000000010a075000 	/Library/Frameworks/R.framework/Versions/3.6/Resources/library/Matrix/libs/Matrix.so
0x00000001086a0000 	/Library/Frameworks/R.framework/Versions/3.6/Resources/library/data.table/libs/datatable.so
0x000000010a158000 	/Library/Frameworks/R.framework/Versions/3.6/Resources/library/udpipe/libs/udpipe.so
0x000000010a4af000 	/Library/Frameworks/R.framework/Versions/3.6/Resources/library/cld3/libs/cld3.so
0x0000000107d28000 	/Library/Frameworks/R.framework/Versions/3.6/Resources/library/parallel/libs/parallel.so
0x0000000107dd0000 	/Library/Frameworks/R.framework/Versions/3.6/Resources/library/slam/libs/slam.so
0x000000010a5e9000 	/Library/Frameworks/R.framework/Versions/3.6/Resources/library/xml2/libs/xml2.so
0x00000001087de000 	/Library/Frameworks/R.framework/Versions/3.6/Resources/library/tm/libs/tm.so
0x0000000107ddc000 	/Library/Frameworks/R.framework/Versions/3.6/Resources/library/colorspace/libs/colorspace.so
0x0000000107cda000 	/Library/Frameworks/R.framework/Versions/3.6/Resources/library/lazyeval/libs/lazyeval.so
0x0000000107d31000 	/Library/Frameworks/R.framework/Versions/3.6/Resources/library/tibble/libs/tibble.so
0x0000000107f31000 	/Library/Frameworks/R.framework/Versions/3.6/Resources/library/glue/libs/glue.so
